Determining if the pthread_create exist failed with the following output:
Change Dir: /home/ianbarreto/Documentos/EDB1/pp4/source_STUDENTS/build/CMakeFiles/CMakeTmp

Run Build Command:"/usr/bin/make" "cmTC_e7660/fast"
/usr/bin/make -f CMakeFiles/cmTC_e7660.dir/build.make CMakeFiles/cmTC_e7660.dir/build
make[1]: Entering directory '/home/ianbarreto/Documentos/EDB1/pp4/source_STUDENTS/build/CMakeFiles/CMakeTmp'
Building CXX object CMakeFiles/cmTC_e7660.dir/CheckSymbolExists.cxx.o
/usr/bin/c++     -o CMakeFiles/cmTC_e7660.dir/CheckSymbolExists.cxx.o -c /home/ianbarreto/Documentos/EDB1/pp4/source_STUDENTS/build/CMakeFiles/CMakeTmp/CheckSymbolExists.cxx
Linking CXX executable cmTC_e7660
/usr/bin/cmake -E cmake_link_script CMakeFiles/cmTC_e7660.dir/link.txt --verbose=1
/usr/bin/c++       CMakeFiles/cmTC_e7660.dir/CheckSymbolExists.cxx.o  -o cmTC_e7660 
CMakeFiles/cmTC_e7660.dir/CheckSymbolExists.cxx.o: Na função "main":
CheckSymbolExists.cxx:(.text+0x1b): referência não definida para "pthread_create"
collect2: error: ld returned 1 exit status
CMakeFiles/cmTC_e7660.dir/build.make:97: recipe for target 'cmTC_e7660' failed
make[1]: *** [cmTC_e7660] Error 1
make[1]: Leaving directory '/home/ianbarreto/Documentos/EDB1/pp4/source_STUDENTS/build/CMakeFiles/CMakeTmp'
Makefile:126: recipe for target 'cmTC_e7660/fast' failed
make: *** [cmTC_e7660/fast] Error 2

File /home/ianbarreto/Documentos/EDB1/pp4/source_STUDENTS/build/CMakeFiles/CMakeTmp/CheckSymbolExists.cxx:
/* */
#include <pthread.h>

int main(int argc, char** argv)
{
  (void)argv;
#ifndef pthread_create
  return ((int*)(&pthread_create))[argc];
#else
  (void)argc;
  return 0;
#endif
}

Determining if the function pthread_create exists in the pthreads failed with the following output:
Change Dir: /home/ianbarreto/Documentos/EDB1/pp4/source_STUDENTS/build/CMakeFiles/CMakeTmp

Run Build Command:"/usr/bin/make" "cmTC_c9834/fast"
/usr/bin/make -f CMakeFiles/cmTC_c9834.dir/build.make CMakeFiles/cmTC_c9834.dir/build
make[1]: Entering directory '/home/ianbarreto/Documentos/EDB1/pp4/source_STUDENTS/build/CMakeFiles/CMakeTmp'
Building CXX object CMakeFiles/cmTC_c9834.dir/CheckFunctionExists.cxx.o
/usr/bin/c++    -DCHECK_FUNCTION_EXISTS=pthread_create   -o CMakeFiles/cmTC_c9834.dir/CheckFunctionExists.cxx.o -c /home/ianbarreto/Documentos/EDB1/pp4/source_STUDENTS/build/CMakeFiles/CheckLibraryExists/CheckFunctionExists.cxx
Linking CXX executable cmTC_c9834
/usr/bin/cmake -E cmake_link_script CMakeFiles/cmTC_c9834.dir/link.txt --verbose=1
/usr/bin/c++   -DCHECK_FUNCTION_EXISTS=pthread_create    CMakeFiles/cmTC_c9834.dir/CheckFunctionExists.cxx.o  -o cmTC_c9834 -lpthreads 
/usr/bin/ld: não foi possível localizar -lpthreads
collect2: error: ld returned 1 exit status
CMakeFiles/cmTC_c9834.dir/build.make:97: recipe for target 'cmTC_c9834' failed
make[1]: *** [cmTC_c9834] Error 1
make[1]: Leaving directory '/home/ianbarreto/Documentos/EDB1/pp4/source_STUDENTS/build/CMakeFiles/CMakeTmp'
Makefile:126: recipe for target 'cmTC_c9834/fast' failed
make: *** [cmTC_c9834/fast] Error 2


